Persistence of Vision(tm) Ray Tracer Version 3.7.0.unofficial (g++ 4.9.2 @
 x86_64-unknown-linux-gnu)
This is an unofficial version compiled by:
 Arch Linux
 The POV-Ray Team is not responsible for supporting this version.

Persistence of Vision(tm) Ray Tracer Version 3.7.0.unofficial (g++ 4.9.2 @
 x86_64-unknown-linux-gnu)
This is an unofficial version compiled by:
 Arch Linux
 The POV-Ray Team is not responsible for supporting this version.

POV-Ray is based on DKBTrace 2.12 by David K. Buck & Aaron A. Collins
Copyright 1991-2013 Persistence of Vision Raytracer Pty. Ltd.

Primary POV-Ray 3.7 Architects/Developers: (Alphabetically)
  Chris Cason         Thorsten Froehlich  Christoph Lipka   

With Assistance From: (Alphabetically)
  Nicolas Calimet     Jerome Grimbert     James Holsenback    Christoph Hormann 
  Nathan Kopp         Juha Nieminen     

Past Contributors: (Alphabetically)
  Steve Anger         Eric Barish         Dieter Bayer        David K. Buck     
  Nicolas Calimet     Chris Cason         Aaron A. Collins    Chris Dailey      
  Steve Demlow        Andreas Dilger      Alexander Enzmann   Dan Farmer        
  Thorsten Froehlich  Mark Gordon         James Holsenback    Christoph Hormann 
  Mike Hough          Chris Huff          Kari Kivisalo       Nathan Kopp       
  Lutz Kretzschmar    Christoph Lipka     Jochen Lippert      Pascal Massimino  
  Jim McElhiney       Douglas Muir        Juha Nieminen       Ron Parker        
  Bill Pulver         Eduard Schwan       Wlodzimierz Skiba   Robert Skinner    
  Yvo Smellenbergh    Zsolt Szalavari     Scott Taylor        Massimo Valentini 
  Timothy Wegner      Drew Wells          Chris Young       

Other contributors are listed in the documentation.

Support libraries used by POV-Ray:
  ZLib 1.2.8, Copyright 1995-2012 Jean-loup Gailly and Mark Adler
  LibPNG 1.6.16, Copyright 1998-2012 Glenn Randers-Pehrson
  LibJPEG 80, Copyright 1991-2013 Thomas G. Lane, Guido Vollbeding
  LibTIFF 4.0.3, Copyright 1988-1997 Sam Leffler, 1991-1997 SGI
  Boost 1.57, http://www.boost.org/

POV-Ray is based on DKBTrace 2.12 by David K. Buck & Aaron A. Collins
Copyright 1991-2013 Persistence of Vision Raytracer Pty. Ltd.

Primary POV-Ray 3.7 Architects/Developers: (Alphabetically)
  Chris Cason         Thorsten Froehlich  Christoph Lipka   

With Assistance From: (Alphabetically)
  Nicolas Calimet     Jerome Grimbert     James Holsenback    Christoph Hormann 
  Nathan Kopp         Juha Nieminen     

Past Contributors: (Alphabetically)
  Steve Anger         Eric Barish         Dieter Bayer        David K. Buck     
  Nicolas Calimet     Chris Cason         Aaron A. Collins    Chris Dailey      
  Steve Demlow        Andreas Dilger      Alexander Enzmann   Dan Farmer        
  Thorsten Froehlich  Mark Gordon         James Holsenback    Christoph Hormann 
  Mike Hough          Chris Huff          Kari Kivisalo       Nathan Kopp       
  Lutz Kretzschmar    Christoph Lipka     Jochen Lippert      Pascal Massimino  
  Jim McElhiney       Douglas Muir        Juha Nieminen       Ron Parker        
  Bill Pulver         Eduard Schwan       Wlodzimierz Skiba   Robert Skinner    
  Yvo Smellenbergh    Zsolt Szalavari     Scott Taylor        Massimo Valentini 
  Timothy Wegner      Drew Wells          Chris Young       

Other contributors are listed in the documentation.

Support libraries used by POV-Ray:
  ZLib 1.2.8, Copyright 1995-2012 Jean-loup Gailly and Mark Adler
  LibPNG 1.6.16, Copyright 1998-2012 Glenn Randers-Pehrson
  LibJPEG 80, Copyright 1991-2013 Thomas G. Lane, Guido Vollbeding
  LibTIFF 4.0.3, Copyright 1988-1997 Sam Leffler, 1991-1997 SGI
  Boost 1.57, http://www.boost.org/

Parser Options
  Input file: draussen.pov
  Remove bounds........On 
  Split unions.........Off
  Library paths:
    /usr/share/povray-3.7
    /usr/share/povray-3.7/ini
    /usr/share/povray-3.7/include
  Clock value:    0.000  (Animation off)
Image Output Options
  Image resolution.....640 by 360 (rows 1 to 360, columns 1 to 640).
  Output file..........draussen.png, 24 bpp PNG
  Dithering............Off
  Graphic display......On  (gamma: sRGB)
  Mosaic preview.......Off
  Continued trace......Off
Information Output Options
  All Streams to console..........On 
  Debug Stream to console.........On 
  Fatal Stream to console.........On 
  Render Stream to console........On 
  Statistics Stream to console....On 
  Warning Stream to console.......On 
Parser Options
  Input file: draussen.pov
  Remove bounds........On 
  Split unions.........Off
  Library paths:
    /usr/share/povray-3.7
    /usr/share/povray-3.7/ini
    /usr/share/povray-3.7/include
  Clock value:    0.000  (Animation off)
Image Output Options
  Image resolution.....640 by 360 (rows 1 to 360, columns 1 to 640).
  Output file..........draussen.png, 24 bpp PNG
  Dithering............Off
  Graphic display......On  (gamma: sRGB)
  Mosaic preview.......Off
  Continued trace......Off
Information Output Options
  All Streams to console..........On 
  Debug Stream to console.........On 
  Fatal Stream to console.........On 
  Render Stream to console........On 
  Statistics Stream to console....On 
  Warning Stream to console.......On 
==== [Parsing...] ==========================================================
==== [Parsing...] ==========================================================
File 'supermarkt.pov' line 85: Parse Warning: Illegal Value: Scale Y by 0.0.
 Changed to 1.0.
File 'supermarkt.pov' line 195: Parse Warning: Should have at least 2 objects in
 csg.
File '/usr/share/povray-3.7/include/shapes.inc' line 482: Parse Warning: 
 Round_Box() macro called with y-size < Radius, results may not be as expected 
File 'bett.pov' line 2: Parse Warning: New instance of assumed_gamma ignored
File 'hipster_wohnung.pov' line 26: Parse Warning: Illegal Value: Scale Y by
File 'supermarkt.pov' line 85: Parse Warning: Illegal Value: Scale Y by 0.0.
 Changed to 1.0.
File 'supermarkt.pov' line 195: Parse Warning: Should have at least 2 objects in
 csg.
File '/usr/share/povray-3.7/include/shapes.inc' line 482: Parse Warning: 
 Round_Box() macro called with y-size < Radius, results may not be as expected 
File 'bett.pov' line 2: Parse Warning: New instance of assumed_gamma ignored
File 'hipster_wohnung.pov' line 26: Parse Warning: Illegal Value: Scale Y by
 0.0. Changed to 1.0.
File 'hipster_wohnung.pov' line 45: Parse Warning: Illegal Value: Scale Z by
 0.0. Changed to 1.0.
 0.0. Changed to 1.0.
File 'hipster_wohnung.pov' line 45: Parse Warning: Illegal Value: Scale Z by
 0.0. Changed to 1.0.
Parsing 6717K tokensParsing 6717K tokens
File 'koerperteile.pov' line 49: Parse Warning: Illegal Value: Scale Y by 0.0.
 Changed to 1.0.
File 'koerperteile.pov' line 49: Parse Warning: Illegal Value: Scale Y by 0.0.
 Changed to 1.0.
File 'draussen.pov' line 102: Parse Warning: CSG union unnecessarily bounded.
File 'draussen.pov' line 102: Parse Warning: CSG union unnecessarily bounded.
File 'draussen.pov' line 102: Parse Warning: CSG union unnecessarily bounded.
File 'draussen.pov' line 102: Parse Warning: CSG union unnecessarily bounded.
File 'draussen.pov' line 102: Parse Warning: CSG union unnecessarily bounded.
File 'draussen.pov' line 102: Parse Warning: CSG union unnecessarily bounded.
File 'draussen.pov' line 102: Parse Warning: CSG union unnecessarily bounded.
File 'draussen.pov' line 102: Parse Warning: CSG union unnecessarily bounded.
File 'draussen.pov' line 102: Parse Warning: CSG union unnecessarily bounded.
File 'draussen.pov' line 102: Parse Warning: CSG union unnecessarily bounded.
File 'draussen.pov' line 102: Parse Warning: CSG union unnecessarily bounded.
File 'draussen.pov' line 102: Parse Warning: CSG union unnecessarily bounded.
File 'draussen.pov' line 102: Parse Warning: CSG union unnecessarily bounded.
File 'draussen.pov' line 102: Parse Warning: CSG union unnecessarily bounded.
File 'draussen.pov' line 102: Parse Warning: CSG union unnecessarily bounded.
File 'draussen.pov' line 102: Parse Warning: CSG union unnecessarily bounded.
File 'draussen.pov' line 102: Parse Warning: CSG union unnecessarily bounded.
File 'draussen.pov' line 102: Parse Warning: CSG union unnecessarily bounded.
File 'draussen.pov' line 102: Parse Warning: CSG union unnecessarily bounded.
File 'draussen.pov' line 102: Parse Warning: CSG union unnecessarily bounded.
File 'draussen.pov' line 102: Parse Warning: CSG union unnecessarily bounded.
File 'draussen.pov' line 102: Parse Warning: CSG union unnecessarily bounded.
File 'draussen.pov' line 102: Parse Warning: CSG union unnecessarily bounded.
File 'draussen.pov' line 102: Parse Warning: CSG union unnecessarily bounded.
File 'draussen.pov' line 102: Parse Warning: CSG union unnecessarily bounded.
File 'draussen.pov' line 102: Parse Warning: CSG union unnecessarily bounded.
File 'draussen.pov' line 102: Parse Warning: CSG union unnecessarily bounded.
File 'draussen.pov' line 102: Parse Warning: CSG union unnecessarily bounded.
File 'draussen.pov' line 102: Parse Warning: CSG union unnecessarily bounded.
File 'draussen.pov' line 102: Parse Warning: CSG union unnecessarily bounded.
File 'draussen.pov' line 102: Parse Warning: CSG union unnecessarily bounded.
File 'draussen.pov' line 102: Parse Warning: CSG union unnecessarily bounded.
File 'draussen.pov' line 102: Parse Warning: CSG union unnecessarily bounded.
File 'draussen.pov' line 102: Parse Warning: CSG union unnecessarily bounded.
File 'draussen.pov' line 102: Parse Warning: CSG union unnecessarily bounded.
File 'draussen.pov' line 102: Parse Warning: CSG union unnecessarily bounded.
File 'draussen.pov' line 102: Parse Warning: CSG union unnecessarily bounded.
File 'draussen.pov' line 102: Parse Warning: CSG union unnecessarily bounded.
File 'draussen.pov' line 102: Parse Warning: CSG union unnecessarily bounded.
File 'draussen.pov' line 102: Parse Warning: CSG union unnecessarily bounded.
File 'draussen.pov' line 102: Parse Warning: CSG union unnecessarily bounded.
File 'draussen.pov' line 102: Parse Warning: CSG union unnecessarily bounded.
File 'draussen.pov' line 102: Parse Warning: CSG union unnecessarily bounded.
File 'draussen.pov' line 102: Parse Warning: CSG union unnecessarily bounded.
File 'draussen.pov' line 102: Parse Warning: CSG union unnecessarily bounded.
File 'draussen.pov' line 102: Parse Warning: CSG union unnecessarily bounded.
File 'draussen.pov' line 102: Parse Warning: CSG union unnecessarily bounded.
File 'draussen.pov' line 102: Parse Warning: CSG union unnecessarily bounded.
File 'draussen.pov' line 102: Parse Warning: CSG union unnecessarily bounded.
File 'draussen.pov' line 102: Parse Warning: CSG union unnecessarily bounded.
File 'koerperteile.pov' line 49: Parse Warning: Illegal Value: Scale Y by 0.0.
 Changed to 1.0.
File 'koerperteile.pov' line 49: Parse Warning: Illegal Value: Scale Y by 0.0.
 Changed to 1.0.
File 'draussen.pov' line 102: Parse Warning: CSG union unnecessarily bounded.
File 'draussen.pov' line 102: Parse Warning: CSG union unnecessarily bounded.
File 'draussen.pov' line 102: Parse Warning: CSG union unnecessarily bounded.
File 'draussen.pov' line 102: Parse Warning: CSG union unnecessarily bounded.
File 'draussen.pov' line 102: Parse Warning: CSG union unnecessarily bounded.
File 'draussen.pov' line 102: Parse Warning: CSG union unnecessarily bounded.
File 'draussen.pov' line 102: Parse Warning: CSG union unnecessarily bounded.
File 'draussen.pov' line 102: Parse Warning: CSG union unnecessarily bounded.
File 'draussen.pov' line 102: Parse Warning: CSG union unnecessarily bounded.
File 'draussen.pov' line 102: Parse Warning: CSG union unnecessarily bounded.
File 'draussen.pov' line 102: Parse Warning: CSG union unnecessarily bounded.
File 'draussen.pov' line 102: Parse Warning: CSG union unnecessarily bounded.
File 'draussen.pov' line 102: Parse Warning: CSG union unnecessarily bounded.
File 'draussen.pov' line 102: Parse Warning: CSG union unnecessarily bounded.
File 'draussen.pov' line 102: Parse Warning: CSG union unnecessarily bounded.
File 'draussen.pov' line 102: Parse Warning: CSG union unnecessarily bounded.
File 'draussen.pov' line 102: Parse Warning: CSG union unnecessarily bounded.
File 'draussen.pov' line 102: Parse Warning: CSG union unnecessarily bounded.
File 'draussen.pov' line 102: Parse Warning: CSG union unnecessarily bounded.
File 'draussen.pov' line 102: Parse Warning: CSG union unnecessarily bounded.
File 'draussen.pov' line 102: Parse Warning: CSG union unnecessarily bounded.
File 'draussen.pov' line 102: Parse Warning: CSG union unnecessarily bounded.
File 'draussen.pov' line 102: Parse Warning: CSG union unnecessarily bounded.
File 'draussen.pov' line 102: Parse Warning: CSG union unnecessarily bounded.
File 'draussen.pov' line 102: Parse Warning: CSG union unnecessarily bounded.
File 'draussen.pov' line 102: Parse Warning: CSG union unnecessarily bounded.
File 'draussen.pov' line 102: Parse Warning: CSG union unnecessarily bounded.
File 'draussen.pov' line 102: Parse Warning: CSG union unnecessarily bounded.
File 'draussen.pov' line 102: Parse Warning: CSG union unnecessarily bounded.
File 'draussen.pov' line 102: Parse Warning: CSG union unnecessarily bounded.
File 'draussen.pov' line 102: Parse Warning: CSG union unnecessarily bounded.
File 'draussen.pov' line 102: Parse Warning: CSG union unnecessarily bounded.
File 'draussen.pov' line 102: Parse Warning: CSG union unnecessarily bounded.
File 'draussen.pov' line 102: Parse Warning: CSG union unnecessarily bounded.
File 'draussen.pov' line 102: Parse Warning: CSG union unnecessarily bounded.
File 'draussen.pov' line 102: Parse Warning: CSG union unnecessarily bounded.
File 'draussen.pov' line 102: Parse Warning: CSG union unnecessarily bounded.
File 'draussen.pov' line 102: Parse Warning: CSG union unnecessarily bounded.
File 'draussen.pov' line 102: Parse Warning: CSG union unnecessarily bounded.
File 'draussen.pov' line 102: Parse Warning: CSG union unnecessarily bounded.
File 'draussen.pov' line 102: Parse Warning: CSG union unnecessarily bounded.
File 'draussen.pov' line 102: Parse Warning: CSG union unnecessarily bounded.
File 'draussen.pov' line 102: Parse Warning: CSG union unnecessarily bounded.
File 'draussen.pov' line 102: Parse Warning: CSG union unnecessarily bounded.
File 'draussen.pov' line 102: Parse Warning: CSG union unnecessarily bounded.
File 'draussen.pov' line 102: Parse Warning: CSG union unnecessarily bounded.
File 'draussen.pov' line 102: Parse Warning: CSG union unnecessarily bounded.
File 'draussen.pov' line 102: Parse Warning: CSG union unnecessarily bounded.
File 'draussen.pov' line 102: Parse Warning: CSG union unnecessarily bounded.
File 'draussen.pov' line 102: Parse Warning: CSG union unnecessarily bounded.
File 'draussen.pov' line 102: Parse Warning: CSG union unnecessarily bounded.
File 'draussen.pov' line 102: Parse Warning: CSG union unnecessarily bounded.
File 'draussen.pov' line 102: Parse Warning: CSG union unnecessarily bounded.
File 'draussen.pov' line 102: Parse Warning: CSG union unnecessarily bounded.
File 'draussen.pov' line 102: Parse Warning: CSG union unnecessarily bounded.
File 'draussen.pov' line 102: Parse Warning: CSG union unnecessarily bounded.
File 'draussen.pov' line 102: Parse Warning: CSG union unnecessarily bounded.
File 'draussen.pov' line 102: Parse Warning: CSG union unnecessarily bounded.
File 'draussen.pov' line 102: Parse Warning: CSG union unnecessarily bounded.
File 'draussen.pov' line 102: Parse Warning: CSG union unnecessarily bounded.
File 'draussen.pov' line 102: Parse Warning: CSG union unnecessarily bounded.
File 'draussen.pov' line 102: Parse Warning: CSG union unnecessarily bounded.
File 'draussen.pov' line 102: Parse Warning: CSG union unnecessarily bounded.
File 'draussen.pov' line 102: Parse Warning: CSG union unnecessarily bounded.
File 'draussen.pov' line 102: Parse Warning: CSG union unnecessarily bounded.
File 'draussen.pov' line 102: Parse Warning: CSG union unnecessarily bounded.
File 'draussen.pov' line 102: Parse Warning: CSG union unnecessarily bounded.
File 'draussen.pov' line 102: Parse Warning: CSG union unnecessarily bounded.
File 'draussen.pov' line 102: Parse Warning: CSG union unnecessarily bounded.
File 'draussen.pov' line 102: Parse Warning: CSG union unnecessarily bounded.
File 'draussen.pov' line 102: Parse Warning: CSG union unnecessarily bounded.
File 'draussen.pov' line 102: Parse Warning: CSG union unnecessarily bounded.
File 'draussen.pov' line 102: Parse Warning: CSG union unnecessarily bounded.
File 'draussen.pov' line 102: Parse Warning: CSG union unnecessarily bounded.
File 'draussen.pov' line 102: Parse Warning: CSG union unnecessarily bounded.
File 'draussen.pov' line 102: Parse Warning: CSG union unnecessarily bounded.
File 'draussen.pov' line 102: Parse Warning: CSG union unnecessarily bounded.
File 'draussen.pov' line 102: Parse Warning: CSG union unnecessarily bounded.
File 'draussen.pov' line 102: Parse Warning: CSG union unnecessarily bounded.
File 'draussen.pov' line 102: Parse Warning: CSG union unnecessarily bounded.
File 'draussen.pov' line 102: Parse Warning: CSG union unnecessarily bounded.
File 'draussen.pov' line 102: Parse Warning: CSG union unnecessarily bounded.

File 'draussen.pov' line 102: Parse Warning: CSG union unnecessarily bounded.
File 'draussen.pov' line 102: Parse Warning: CSG union unnecessarily bounded.
File 'draussen.pov' line 102: Parse Warning: CSG union unnecessarily bounded.
File 'draussen.pov' line 102: Parse Warning: CSG union unnecessarily bounded.
File 'draussen.pov' line 102: Parse Warning: CSG union unnecessarily bounded.
File 'draussen.pov' line 102: Parse Warning: CSG union unnecessarily bounded.
File 'draussen.pov' line 102: Parse Warning: CSG union unnecessarily bounded.
File 'draussen.pov' line 102: Parse Warning: CSG union unnecessarily bounded.
File 'draussen.pov' line 102: Parse Warning: CSG union unnecessarily bounded.
File 'draussen.pov' line 102: Parse Warning: CSG union unnecessarily bounded.
File 'draussen.pov' line 102: Parse Warning: CSG union unnecessarily bounded.
File 'draussen.pov' line 102: Parse Warning: CSG union unnecessarily bounded.
File 'draussen.pov' line 102: Parse Warning: CSG union unnecessarily bounded.
File 'draussen.pov' line 102: Parse Warning: CSG union unnecessarily bounded.
File 'draussen.pov' line 102: Parse Warning: CSG union unnecessarily bounded.
File 'draussen.pov' line 102: Parse Warning: CSG union unnecessarily bounded.
File 'draussen.pov' line 102: Parse Warning: CSG union unnecessarily bounded.
File 'draussen.pov' line 102: Parse Warning: CSG union unnecessarily bounded.
File 'draussen.pov' line 102: Parse Warning: CSG union unnecessarily bounded.
File 'draussen.pov' line 102: Parse Warning: CSG union unnecessarily bounded.
File 'draussen.pov' line 102: Parse Warning: CSG union unnecessarily bounded.
File 'draussen.pov' line 102: Parse Warning: CSG union unnecessarily bounded.
File 'draussen.pov' line 102: Parse Warning: CSG union unnecessarily bounded.
File 'draussen.pov' line 102: Parse Warning: CSG union unnecessarily bounded.
File 'draussen.pov' line 102: Parse Warning: CSG union unnecessarily bounded.
File 'draussen.pov' line 102: Parse Warning: CSG union unnecessarily bounded.
File 'draussen.pov' line 102: Parse Warning: CSG union unnecessarily bounded.
File 'draussen.pov' line 102: Parse Warning: CSG union unnecessarily bounded.
File 'draussen.pov' line 102: Parse Warning: CSG union unnecessarily bounded.
File 'draussen.pov' line 102: Parse Warning: CSG union unnecessarily bounded.
File 'draussen.pov' line 102: Parse Warning: CSG union unnecessarily bounded.
File 'draussen.pov' line 102: Parse Warning: CSG union unnecessarily bounded.
File 'draussen.pov' line 102: Parse Warning: CSG union unnecessarily bounded.
File 'draussen.pov' line 102: Parse Warning: CSG union unnecessarily bounded.
File 'draussen.pov' line 102: Parse Warning: CSG union unnecessarily bounded.
File 'draussen.pov' line 102: Parse Warning: CSG union unnecessarily bounded.
File 'draussen.pov' line 102: Parse Warning: CSG union unnecessarily bounded.
File 'draussen.pov' line 102: Parse Warning: CSG union unnecessarily bounded.
File 'draussen.pov' line 102: Parse Warning: CSG union unnecessarily bounded.
File 'draussen.pov' line 102: Parse Warning: CSG union unnecessarily bounded.
File 'draussen.pov' line 102: Parse Warning: CSG union unnecessarily bounded.
File 'draussen.pov' line 102: Parse Warning: CSG union unnecessarily bounded.
File 'draussen.pov' line 102: Parse Warning: CSG union unnecessarily bounded.
File 'draussen.pov' line 102: Parse Warning: CSG union unnecessarily bounded.
File 'draussen.pov' line 102: Parse Warning: CSG union unnecessarily bounded.
File 'draussen.pov' line 102: Parse Warning: CSG union unnecessarily bounded.
File 'draussen.pov' line 102: Parse Warning: CSG union unnecessarily bounded.
File 'draussen.pov' line 102: Parse Warning: CSG union unnecessarily bounded.
File 'draussen.pov' line 102: Parse Warning: CSG union unnecessarily bounded.
File 'draussen.pov' line 102: Parse Warning: CSG union unnecessarily bounded.
File 'draussen.pov' line 102: Parse Warning: CSG union unnecessarily bounded.
File 'draussen.pov' line 102: Parse Warning: CSG union unnecessarily bounded.
File 'draussen.pov' line 102: Parse Warning: CSG union unnecessarily bounded.
File 'draussen.pov' line 102: Parse Warning: CSG union unnecessarily bounded.
File 'draussen.pov' line 102: Parse Warning: CSG union unnecessarily bounded.
File 'draussen.pov' line 102: Parse Warning: CSG union unnecessarily bounded.
File 'draussen.pov' line 102: Parse Warning: CSG union unnecessarily bounded.
File 'draussen.pov' line 102: Parse Warning: CSG union unnecessarily bounded.
File 'draussen.pov' line 102: Parse Warning: CSG union unnecessarily bounded.
File 'draussen.pov' line 102: Parse Warning: CSG union unnecessarily bounded.
File 'draussen.pov' line 102: Parse Warning: CSG union unnecessarily bounded.
File 'draussen.pov' line 102: Parse Warning: CSG union unnecessarily bounded.
File 'draussen.pov' line 102: Parse Warning: CSG union unnecessarily bounded.
File 'draussen.pov' line 102: Parse Warning: CSG union unnecessarily bounded.
File 'draussen.pov' line 102: Parse Warning: CSG union unnecessarily bounded.
File 'draussen.pov' line 102: Parse Warning: CSG union unnecessarily bounded.
File 'draussen.pov' line 102: Parse Warning: CSG union unnecessarily bounded.
File 'draussen.pov' line 102: Parse Warning: CSG union unnecessarily bounded.
File 'draussen.pov' line 102: Parse Warning: CSG union unnecessarily bounded.
File 'draussen.pov' line 102: Parse Warning: CSG union unnecessarily bounded.
File 'draussen.pov' line 102: Parse Warning: CSG union unnecessarily bounded.
File 'draussen.pov' line 102: Parse Warning: CSG union unnecessarily bounded.
File 'draussen.pov' line 102: Parse Warning: CSG union unnecessarily bounded.
File 'draussen.pov' line 102: Parse Warning: CSG union unnecessarily bounded.
File 'draussen.pov' line 102: Parse Warning: CSG union unnecessarily bounded.
File 'draussen.pov' line 102: Parse Warning: CSG union unnecessarily bounded.
File 'draussen.pov' line 102: Parse Warning: CSG union unnecessarily bounded.
File 'draussen.pov' line 102: Parse Warning: CSG union unnecessarily bounded.
File 'draussen.pov' line 102: Parse Warning: CSG union unnecessarily bounded.
File 'draussen.pov' line 102: Parse Warning: CSG union unnecessarily bounded.
File 'draussen.pov' line 102: Parse Warning: CSG union unnecessarily bounded.
File 'draussen.pov' line 102: Parse Warning: CSG union unnecessarily bounded.
File 'draussen.pov' line 102: Parse Warning: CSG union unnecessarily bounded.
File 'draussen.pov' line 102: Parse Warning: CSG union unnecessarily bounded.
File 'draussen.pov' line 102: Parse Warning: CSG union unnecessarily bounded.
File 'draussen.pov' line 102: Parse Warning: CSG union unnecessarily bounded.
File 'draussen.pov' line 102: Parse Warning: CSG union unnecessarily bounded.
File 'draussen.pov' line 102: Parse Warning: CSG union unnecessarily bounded.
File 'draussen.pov' line 102: Parse Warning: CSG union unnecessarily bounded.
File 'draussen.pov' line 102: Parse Warning: CSG union unnecessarily bounded.
File 'draussen.pov' line 102: Parse Warning: CSG union unnecessarily bounded.
File 'draussen.pov' line 102: Parse Warning: CSG union unnecessarily bounded.
File 'draussen.pov' line 102: Parse Warning: CSG union unnecessarily bounded.
File 'draussen.pov' line 102: Parse Warning: CSG union unnecessarily bounded.
File 'draussen.pov' line 102: Parse Warning: CSG union unnecessarily bounded.
File 'draussen.pov' line 102: Parse Warning: CSG union unnecessarily bounded.
File 'draussen.pov' line 102: Parse Warning: CSG union unnecessarily bounded.
File 'draussen.pov' line 102: Parse Warning: CSG union unnecessarily bounded.
File 'draussen.pov' line 102: Parse Warning: CSG union unnecessarily bounded.
File 'draussen.pov' line 102: Parse Warning: CSG union unnecessarily bounded.
File 'draussen.pov' line 102: Parse Warning: CSG union unnecessarily bounded.
File 'draussen.pov' line 102: Parse Warning: CSG union unnecessarily bounded.
File 'draussen.pov' line 102: Parse Warning: CSG union unnecessarily bounded.
File 'draussen.pov' line 102: Parse Warning: CSG union unnecessarily bounded.
File 'draussen.pov' line 102: Parse Warning: CSG union unnecessarily bounded.
File 'draussen.pov' line 102: Parse Warning: CSG union unnecessarily bounded.
File 'draussen.pov' line 102: Parse Warning: CSG union unnecessarily bounded.
File 'draussen.pov' line 102: Parse Warning: CSG union unnecessarily bounded.
File 'draussen.pov' line 102: Parse Warning: CSG union unnecessarily bounded.
File 'draussen.pov' line 102: Parse Warning: CSG union unnecessarily bounded.
File 'draussen.pov' line 102: Parse Warning: CSG union unnecessarily bounded.
File 'draussen.pov' line 102: Parse Warning: CSG union unnecessarily bounded.
File 'draussen.pov' line 102: Parse Warning: CSG union unnecessarily bounded.
File 'draussen.pov' line 102: Parse Warning: CSG union unnecessarily bounded.
File 'draussen.pov' line 102: Parse Warning: CSG union unnecessarily bounded.
File 'draussen.pov' line 102: Parse Warning: CSG union unnecessarily bounded.
File 'draussen.pov' line 102: Parse Warning: CSG union unnecessarily bounded.
File 'draussen.pov' line 102: Parse Warning: CSG union unnecessarily bounded.
File 'draussen.pov' line 102: Parse Warning: CSG union unnecessarily bounded.
File 'draussen.pov' line 102: Parse Warning: CSG union unnecessarily bounded.
File 'draussen.pov' line 102: Parse Warning: CSG union unnecessarily bounded.
File 'draussen.pov' line 102: Parse Warning: CSG union unnecessarily bounded.
File 'draussen.pov' line 102: Parse Warning: CSG union unnecessarily bounded.
File 'draussen.pov' line 102: Parse Warning: CSG union unnecessarily bounded.
File 'draussen.pov' line 102: Parse Warning: CSG union unnecessarily bounded.
File 'draussen.pov' line 102: Parse Warning: CSG union unnecessarily bounded.
File 'draussen.pov' line 102: Parse Warning: CSG union unnecessarily bounded.
File 'draussen.pov' line 102: Parse Warning: CSG union unnecessarily bounded.
File 'draussen.pov' line 102: Parse Warning: CSG union unnecessarily bounded.
File 'draussen.pov' line 102: Parse Warning: CSG union unnecessarily bounded.
File 'draussen.pov' line 102: Parse Warning: CSG union unnecessarily bounded.
File 'draussen.pov' line 102: Parse Warning: CSG union unnecessarily bounded.
File 'draussen.pov' line 102: Parse Warning: CSG union unnecessarily bounded.
File 'draussen.pov' line 102: Parse Warning: CSG union unnecessarily bounded.
File 'draussen.pov' line 102: Parse Warning: CSG union unnecessarily bounded.
File 'draussen.pov' line 102: Parse Warning: CSG union unnecessarily bounded.
File 'draussen.pov' line 102: Parse Warning: CSG union unnecessarily bounded.
File 'draussen.pov' line 102: Parse Warning: CSG union unnecessarily bounded.
File 'draussen.pov' line 102: Parse Warning: CSG union unnecessarily bounded.
File 'draussen.pov' line 102: Parse Warning: CSG union unnecessarily bounded.
File 'draussen.pov' line 102: Parse Warning: CSG union unnecessarily bounded.
File 'draussen.pov' line 102: Parse Warning: CSG union unnecessarily bounded.
File 'draussen.pov' line 102: Parse Warning: CSG union unnecessarily bounded.
File 'draussen.pov' line 102: Parse Warning: CSG union unnecessarily bounded.
File 'draussen.pov' line 102: Parse Warning: CSG union unnecessarily bounded.
File 'draussen.pov' line 102: Parse Warning: CSG union unnecessarily bounded.
File 'draussen.pov' line 102: Parse Warning: CSG union unnecessarily bounded.
File 'draussen.pov' line 102: Parse Warning: CSG union unnecessarily bounded.
File 'draussen.pov' line 102: Parse Warning: CSG union unnecessarily bounded.
File 'draussen.pov' line 102: Parse Warning: CSG union unnecessarily bounded.
File 'draussen.pov' line 102: Parse Warning: CSG union unnecessarily bounded.
File 'draussen.pov' line 102: Parse Warning: CSG union unnecessarily bounded.
File 'draussen.pov' line 102: Parse Warning: CSG union unnecessarily bounded.
File 'draussen.pov' line 102: Parse Warning: CSG union unnecessarily bounded.
File 'draussen.pov' line 102: Parse Warning: CSG union unnecessarily bounded.
File 'draussen.pov' line 102: Parse Warning: CSG union unnecessarily bounded.
File 'draussen.pov' line 102: Parse Warning: CSG union unnecessarily bounded.
File 'draussen.pov' line 102: Parse Warning: CSG union unnecessarily bounded.
File 'draussen.pov' line 102: Parse Warning: CSG union unnecessarily bounded.
File 'draussen.pov' line 102: Parse Warning: CSG union unnecessarily bounded.
File 'draussen.pov' line 102: Parse Warning: CSG union unnecessarily bounded.
File 'draussen.pov' line 102: Parse Warning: CSG union unnecessarily bounded.
File 'draussen.pov' line 102: Parse Warning: CSG union unnecessarily bounded.
File 'draussen.pov' line 102: Parse Warning: CSG union unnecessarily bounded.
File 'draussen.pov' line 102: Parse Warning: CSG union unnecessarily bounded.
File 'draussen.pov' line 102: Parse Warning: CSG union unnecessarily bounded.
File 'draussen.pov' line 102: Parse Warning: CSG union unnecessarily bounded.
File 'draussen.pov' line 102: Parse Warning: CSG union unnecessarily bounded.
File 'draussen.pov' line 102: Parse Warning: CSG union unnecessarily bounded.
File 'draussen.pov' line 102: Parse Warning: CSG union unnecessarily bounded.
File 'draussen.pov' line 102: Parse Warning: CSG union unnecessarily bounded.
File 'draussen.pov' line 102: Parse Warning: CSG union unnecessarily bounded.
File 'draussen.pov' line 102: Parse Warning: CSG union unnecessarily bounded.
File 'draussen.pov' line 102: Parse Warning: CSG union unnecessarily bounded.
File 'draussen.pov' line 102: Parse Warning: CSG union unnecessarily bounded.
File 'draussen.pov' line 102: Parse Warning: CSG union unnecessarily bounded.
File 'draussen.pov' line 102: Parse Warning: CSG union unnecessarily bounded.
File 'draussen.pov' line 102: Parse Warning: CSG union unnecessarily bounded.
File 'draussen.pov' line 102: Parse Warning: CSG union unnecessarily bounded.
File 'draussen.pov' line 102: Parse Warning: CSG union unnecessarily bounded.
File 'draussen.pov' line 102: Parse Warning: CSG union unnecessarily bounded.
File 'draussen.pov' line 102: Parse Warning: CSG union unnecessarily bounded.
File 'draussen.pov' line 102: Parse Warning: CSG union unnecessarily bounded.
File 'draussen.pov' line 102: Parse Warning: CSG union unnecessarily bounded.
File 'draussen.pov' line 102: Parse Warning: CSG union unnecessarily bounded.
File 'draussen.pov' line 102: Parse Warning: CSG union unnecessarily bounded.
File 'draussen.pov' line 102: Parse Warning: CSG union unnecessarily bounded.
File 'draussen.pov' line 102: Parse Warning: CSG union unnecessarily bounded.
File 'draussen.pov' line 102: Parse Warning: CSG union unnecessarily bounded.
File 'draussen.pov' line 102: Parse Warning: CSG union unnecessarily bounded.
File 'draussen.pov' line 102: Parse Warning: CSG union unnecessarily bounded.
File 'draussen.pov' line 102: Parse Warning: CSG union unnecessarily bounded.
File 'draussen.pov' line 102: Parse Warning: CSG union unnecessarily bounded.
File 'draussen.pov' line 102: Parse Warning: CSG union unnecessarily bounded.
File 'draussen.pov' line 102: Parse Warning: CSG union unnecessarily bounded.
File 'draussen.pov' line 102: Parse Warning: CSG union unnecessarily bounded.
File 'draussen.pov' line 102: Parse Warning: CSG union unnecessarily bounded.
File 'draussen.pov' line 102: Parse Warning: CSG union unnecessarily bounded.
File 'draussen.pov' line 102: Parse Warning: CSG union unnecessarily bounded.
File 'draussen.pov' line 102: Parse Warning: CSG union unnecessarily bounded.
File 'draussen.pov' line 102: Parse Warning: CSG union unnecessarily bounded.
File 'draussen.pov' line 102: Parse Warning: CSG union unnecessarily bounded.
File 'draussen.pov' line 102: Parse Warning: CSG union unnecessarily bounded.
File 'draussen.pov' line 102: Parse Warning: CSG union unnecessarily bounded.
File 'draussen.pov' line 102: Parse Warning: CSG union unnecessarily bounded.
File 'draussen.pov' line 102: Parse Warning: CSG union unnecessarily bounded.
File 'draussen.pov' line 102: Parse Warning: CSG union unnecessarily bounded.
File 'draussen.pov' line 102: Parse Warning: CSG union unnecessarily bounded.
File 'draussen.pov' line 102: Parse Warning: CSG union unnecessarily bounded.
File 'draussen.pov' line 102: Parse Warning: CSG union unnecessarily bounded.
File 'draussen.pov' line 102: Parse Warning: CSG union unnecessarily bounded.
File 'draussen.pov' line 102: Parse Warning: CSG union unnecessarily bounded.
File 'draussen.pov' line 102: Parse Warning: CSG union unnecessarily bounded.
File 'draussen.pov' line 102: Parse Warning: CSG union unnecessarily bounded.
File 'draussen.pov' line 102: Parse Warning: CSG union unnecessarily bounded.
File 'draussen.pov' line 102: Parse Warning: CSG union unnecessarily bounded.
File 'draussen.pov' line 102: Parse Warning: CSG union unnecessarily bounded.
File 'draussen.pov' line 102: Parse Warning: CSG union unnecessarily bounded.
File 'draussen.pov' line 102: Parse Warning: CSG union unnecessarily bounded.
File 'draussen.pov' line 102: Parse Warning: CSG union unnecessarily bounded.
File 'draussen.pov' line 102: Parse Warning: CSG union unnecessarily bounded.
File 'draussen.pov' line 102: Parse Warning: CSG union unnecessarily bounded.
File 'draussen.pov' line 102: Parse Warning: CSG union unnecessarily bounded.
File 'draussen.pov' line 102: Parse Warning: CSG union unnecessarily bounded.
File 'draussen.pov' line 102: Parse Warning: CSG union unnecessarily bounded.
File 'draussen.pov' line 102: Parse Warning: CSG union unnecessarily bounded.
File 'draussen.pov' line 102: Parse Warning: CSG union unnecessarily bounded.
File 'draussen.pov' line 102: Parse Warning: CSG union unnecessarily bounded.
File 'draussen.pov' line 102: Parse Warning: CSG union unnecessarily bounded.
File 'draussen.pov' line 102: Parse Warning: CSG union unnecessarily bounded.
File 'draussen.pov' line 102: Parse Warning: CSG union unnecessarily bounded.
File 'draussen.pov' line 102: Parse Warning: CSG union unnecessarily bounded.
File 'draussen.pov' line 102: Parse Warning: CSG union unnecessarily bounded.
File 'draussen.pov' line 102: Parse Warning: CSG union unnecessarily bounded.
File 'draussen.pov' line 102: Parse Warning: CSG union unnecessarily bounded.
File 'draussen.pov' line 102: Parse Warning: CSG union unnecessarily bounded.
File 'draussen.pov' line 102: Parse Warning: CSG union unnecessarily bounded.
File 'draussen.pov' line 102: Parse Warning: CSG union unnecessarily bounded.
File 'draussen.pov' line 102: Parse Warning: CSG union unnecessarily bounded.
File 'draussen.pov' line 102: Parse Warning: CSG union unnecessarily bounded.
File 'draussen.pov' line 102: Parse Warning: CSG union unnecessarily bounded.
File 'draussen.pov' line 102: Parse Warning: CSG union unnecessarily bounded.
File 'draussen.pov' line 102: Parse Warning: CSG union unnecessarily bounded.
File 'draussen.pov' line 102: Parse Warning: CSG union unnecessarily bounded.
File 'draussen.pov' line 102: Parse Warning: CSG union unnecessarily bounded.
File 'draussen.pov' line 102: Parse Warning: CSG union unnecessarily bounded.
File 'draussen.pov' line 102: Parse Warning: CSG union unnecessarily bounded.
File 'draussen.pov' line 102: Parse Warning: CSG union unnecessarily bounded.
File 'draussen.pov' line 102: Parse Warning: CSG union unnecessarily bounded.
File 'draussen.pov' line 102: Parse Warning: CSG union unnecessarily bounded.
File 'draussen.pov' line 102: Parse Warning: CSG union unnecessarily bounded.
File 'draussen.pov' line 102: Parse Warning: CSG union unnecessarily bounded.
File 'draussen.pov' line 102: Parse Warning: CSG union unnecessarily bounded.
File 'draussen.pov' line 102: Parse Warning: CSG union unnecessarily bounded.
File 'draussen.pov' line 102: Parse Warning: CSG union unnecessarily bounded.
File 'draussen.pov' line 102: Parse Warning: CSG union unnecessarily bounded.
File 'draussen.pov' line 102: Parse Warning: CSG union unnecessarily bounded.
File 'draussen.pov' line 102: Parse Warning: CSG union unnecessarily bounded.
File 'draussen.pov' line 102: Parse Warning: CSG union unnecessarily bounded.
File 'draussen.pov' line 102: Parse Warning: CSG union unnecessarily bounded.
File 'draussen.pov' line 102: Parse Warning: CSG union unnecessarily bounded.
File 'draussen.pov' line 102: Parse Warning: CSG union unnecessarily bounded.
File 'draussen.pov' line 102: Parse Warning: CSG union unnecessarily bounded.
File 'draussen.pov' line 102: Parse Warning: CSG union unnecessarily bounded.
File 'draussen.pov' line 102: Parse Warning: CSG union unnecessarily bounded.
File 'draussen.pov' line 102: Parse Warning: CSG union unnecessarily bounded.
File 'draussen.pov' line 102: Parse Warning: CSG union unnecessarily bounded.
File 'draussen.pov' line 102: Parse Warning: CSG union unnecessarily bounded.
File 'draussen.pov' line 102: Parse Warning: CSG union unnecessarily bounded.
File 'draussen.pov' line 102: Parse Warning: CSG union unnecessarily bounded.
File 'draussen.pov' line 102: Parse Warning: CSG union unnecessarily bounded.
File 'draussen.pov' line 102: Parse Warning: CSG union unnecessarily bounded.
File 'draussen.pov' line 102: Parse Warning: CSG union unnecessarily bounded.
File 'draussen.pov' line 102: Parse Warning: CSG union unnecessarily bounded.
File 'draussen.pov' line 102: Parse Warning: CSG union unnecessarily bounded.
File 'draussen.pov' line 102: Parse Warning: CSG union unnecessarily bounded.
File 'draussen.pov' line 102: Parse Warning: CSG union unnecessarily bounded.
File 'draussen.pov' line 102: Parse Warning: CSG union unnecessarily bounded.
File 'draussen.pov' line 102: Parse Warning: CSG union unnecessarily bounded.
File 'draussen.pov' line 102: Parse Warning: CSG union unnecessarily bounded.
File 'draussen.pov' line 102: Parse Warning: CSG union unnecessarily bounded.
File 'draussen.pov' line 102: Parse Warning: CSG union unnecessarily bounded.
File 'draussen.pov' line 102: Parse Warning: CSG union unnecessarily bounded.
File 'draussen.pov' line 102: Parse Warning: CSG union unnecessarily bounded.
File 'draussen.pov' line 102: Parse Warning: CSG union unnecessarily bounded.
File 'draussen.pov' line 102: Parse Warning: CSG union unnecessarily bounded.
File 'draussen.pov' line 102: Parse Warning: CSG union unnecessarily bounded.
File 'draussen.pov' line 102: Parse Warning: CSG union unnecessarily bounded.
File 'draussen.pov' line 102: Parse Warning: CSG union unnecessarily bounded.
File 'draussen.pov' line 102: Parse Warning: CSG union unnecessarily bounded.
File 'draussen.pov' line 102: Parse Warning: CSG union unnecessarily bounded.
File 'draussen.pov' line 102: Parse Warning: CSG union unnecessarily bounded.
File 'draussen.pov' line 102: Parse Warning: CSG union unnecessarily bounded.
File 'draussen.pov' line 102: Parse Warning: CSG union unnecessarily bounded.
File 'draussen.pov' line 102: Parse Warning: CSG union unnecessarily bounded.
File 'draussen.pov' line 102: Parse Warning: CSG union unnecessarily bounded.
File 'draussen.pov' line 102: Parse Warning: CSG union unnecessarily bounded.
File 'draussen.pov' line 102: Parse Warning: CSG union unnecessarily bounded.
File 'draussen.pov' line 102: Parse Warning: CSG union unnecessarily bounded.
File 'draussen.pov' line 102: Parse Warning: CSG union unnecessarily bounded.
File 'draussen.pov' line 102: Parse Warning: CSG union unnecessarily bounded.
File 'draussen.pov' line 102: Parse Warning: CSG union unnecessarily bounded.
File 'draussen.pov' line 102: Parse Warning: CSG union unnecessarily bounded.
File 'draussen.pov' line 102: Parse Warning: CSG union unnecessarily bounded.
File 'draussen.pov' line 102: Parse Warning: CSG union unnecessarily bounded.
File 'draussen.pov' line 102: Parse Warning: CSG union unnecessarily bounded.
File 'draussen.pov' line 102: Parse Warning: CSG union unnecessarily bounded.
File 'draussen.pov' line 102: Parse Warning: CSG union unnecessarily bounded.
File 'draussen.pov' line 102: Parse Warning: CSG union unnecessarily bounded.
File 'draussen.pov' line 102: Parse Warning: CSG union unnecessarily bounded.
File 'draussen.pov' line 102: Parse Warning: CSG union unnecessarily bounded.
File 'draussen.pov' line 102: Parse Warning: CSG union unnecessarily bounded.
File 'draussen.pov' line 102: Parse Warning: CSG union unnecessarily bounded.
File 'draussen.pov' line 102: Parse Warning: CSG union unnecessarily bounded.
File 'draussen.pov' line 102: Parse Warning: CSG union unnecessarily bounded.
File 'draussen.pov' line 102: Parse Warning: CSG union unnecessarily bounded.
File 'draussen.pov' line 102: Parse Warning: CSG union unnecessarily bounded.
File 'draussen.pov' line 102: Parse Warning: CSG union unnecessarily bounded.
File 'draussen.pov' line 102: Parse Warning: CSG union unnecessarily bounded.
File 'draussen.pov' line 102: Parse Warning: CSG union unnecessarily bounded.
File 'draussen.pov' line 102: Parse Warning: CSG union unnecessarily bounded.
File 'draussen.pov' line 102: Parse Warning: CSG union unnecessarily bounded.
File 'draussen.pov' line 102: Parse Warning: CSG union unnecessarily bounded.
File 'draussen.pov' line 102: Parse Warning: CSG union unnecessarily bounded.
File 'draussen.pov' line 102: Parse Warning: CSG union unnecessarily bounded.
File 'draussen.pov' line 102: Parse Warning: CSG union unnecessarily bounded.
File 'draussen.pov' line 102: Parse Warning: CSG union unnecessarily bounded.
File 'draussen.pov' line 102: Parse Warning: CSG union unnecessarily bounded.
File 'draussen.pov' line 102: Parse Warning: CSG union unnecessarily bounded.
File 'draussen.pov' line 102: Parse Warning: CSG union unnecessarily bounded.
File 'draussen.pov' line 102: Parse Warning: CSG union unnecessarily bounded.
File 'draussen.pov' line 102: Parse Warning: CSG union unnecessarily bounded.
File 'draussen.pov' line 102: Parse Warning: CSG union unnecessarily bounded.
File 'draussen.pov' line 102: Parse Warning: CSG union unnecessarily bounded.
File 'draussen.pov' line 102: Parse Warning: CSG union unnecessarily bounded.
File 'draussen.pov' line 102: Parse Warning: CSG union unnecessarily bounded.
File 'draussen.pov' line 102: Parse Warning: CSG union unnecessarily bounded.
File 'draussen.pov' line 102: Parse Warning: CSG union unnecessarily bounded.
File 'draussen.pov' line 102: Parse Warning: CSG union unnecessarily bounded.
File 'draussen.pov' line 102: Parse Warning: CSG union unnecessarily bounded.
File 'draussen.pov' line 102: Parse Warning: CSG union unnecessarily bounded.
File 'draussen.pov' line 102: Parse Warning: CSG union unnecessarily bounded.
File 'draussen.pov' line 102: Parse Warning: CSG union unnecessarily bounded.
File 'draussen.pov' line 102: Parse Warning: CSG union unnecessarily bounded.
File 'draussen.pov' line 102: Parse Warning: CSG union unnecessarily bounded.
File 'draussen.pov' line 102: Parse Warning: CSG union unnecessarily bounded.
File 'draussen.pov' line 102: Parse Warning: CSG union unnecessarily bounded.
File 'draussen.pov' line 102: Parse Warning: CSG union unnecessarily bounded.
File 'draussen.pov' line 102: Parse Warning: CSG union unnecessarily bounded.
File 'draussen.pov' line 102: Parse Warning: CSG union unnecessarily bounded.
File 'draussen.pov' line 102: Parse Warning: CSG union unnecessarily bounded.
File 'draussen.pov' line 102: Parse Warning: CSG union unnecessarily bounded.
File 'draussen.pov' line 102: Parse Warning: CSG union unnecessarily bounded.
File 'draussen.pov' line 102: Parse Warning: CSG union unnecessarily bounded.
File 'draussen.pov' line 102: Parse Warning: CSG union unnecessarily bounded.
File 'draussen.pov' line 102: Parse Warning: CSG union unnecessarily bounded.
File 'draussen.pov' line 102: Parse Warning: CSG union unnecessarily bounded.
File 'draussen.pov' line 102: Parse Warning: CSG union unnecessarily bounded.
File 'draussen.pov' line 102: Parse Warning: CSG union unnecessarily bounded.
File 'draussen.pov' line 102: Parse Warning: CSG union unnecessarily bounded.
File 'draussen.pov' line 102: Parse Warning: CSG union unnecessarily bounded.
File 'draussen.pov' line 102: Parse Warning: CSG union unnecessarily bounded.
File 'draussen.pov' line 102: Parse Warning: CSG union unnecessarily bounded.
File 'draussen.pov' line 102: Parse Warning: CSG union unnecessarily bounded.
File 'draussen.pov' line 102: Parse Warning: CSG union unnecessarily bounded.
File 'draussen.pov' line 102: Parse Warning: CSG union unnecessarily bounded.
File 'draussen.pov' line 102: Parse Warning: CSG union unnecessarily bounded.
File 'draussen.pov' line 102: Parse Warning: CSG union unnecessarily bounded.
File 'draussen.pov' line 102: Parse Warning: CSG union unnecessarily bounded.
File 'draussen.pov' line 102: Parse Warning: CSG union unnecessarily bounded.
File 'draussen.pov' line 102: Parse Warning: CSG union unnecessarily bounded.
File 'draussen.pov' line 102: Parse Warning: CSG union unnecessarily bounded.
File 'draussen.pov' line 102: Parse Warning: CSG union unnecessarily bounded.
File 'draussen.pov' line 102: Parse Warning: CSG union unnecessarily bounded.
File 'draussen.pov' line 102: Parse Warning: CSG union unnecessarily bounded.
File 'draussen.pov' line 102: Parse Warning: CSG union unnecessarily bounded.
File 'draussen.pov' line 102: Parse Warning: CSG union unnecessarily bounded.
File 'draussen.pov' line 102: Parse Warning: CSG union unnecessarily bounded.
File 'draussen.pov' line 102: Parse Warning: CSG union unnecessarily bounded.
File 'draussen.pov' line 102: Parse Warning: CSG union unnecessarily bounded.
File 'draussen.pov' line 102: Parse Warning: CSG union unnecessarily bounded.
File 'draussen.pov' line 102: Parse Warning: CSG union unnecessarily bounded.
File 'draussen.pov' line 102: Parse Warning: CSG union unnecessarily bounded.
File 'draussen.pov' line 102: Parse Warning: CSG union unnecessarily bounded.
File 'draussen.pov' line 102: Parse Warning: CSG union unnecessarily bounded.
File 'draussen.pov' line 102: Parse Warning: CSG union unnecessarily bounded.
File 'draussen.pov' line 102: Parse Warning: CSG union unnecessarily bounded.
File 'draussen.pov' line 102: Parse Warning: CSG union unnecessarily bounded.
File 'draussen.pov' line 102: Parse Warning: CSG union unnecessarily bounded.
File 'draussen.pov' line 102: Parse Warning: CSG union unnecessarily bounded.
File 'draussen.pov' line 102: Parse Warning: CSG union unnecessarily bounded.
File 'draussen.pov' line 102: Parse Warning: CSG union unnecessarily bounded.
File 'draussen.pov' line 102: Parse Warning: CSG union unnecessarily bounded.
File 'draussen.pov' line 102: Parse Warning: CSG union unnecessarily bounded.
File 'draussen.pov' line 102: Parse Warning: CSG union unnecessarily bounded.
File 'draussen.pov' line 102: Parse Warning: CSG union unnecessarily bounded.
File 'draussen.pov' line 102: Parse Warning: CSG union unnecessarily bounded.
File 'draussen.pov' line 102: Parse Warning: CSG union unnecessarily bounded.
File 'draussen.pov' line 102: Parse Warning: CSG union unnecessarily bounded.
File 'draussen.pov' line 102: Parse Warning: CSG union unnecessarily bounded.
File 'draussen.pov' line 102: Parse Warning: CSG union unnecessarily bounded.
File 'draussen.pov' line 102: Parse Warning: CSG union unnecessarily bounded.
File 'draussen.pov' line 102: Parse Warning: CSG union unnecessarily bounded.
File 'draussen.pov' line 102: Parse Warning: CSG union unnecessarily bounded.
File 'draussen.pov' line 102: Parse Warning: CSG union unnecessarily bounded.
File 'draussen.pov' line 102: Parse Warning: CSG union unnecessarily bounded.
File 'draussen.pov' line 102: Parse Warning: CSG union unnecessarily bounded.
File 'draussen.pov' line 102: Parse Warning: CSG union unnecessarily bounded.
File 'draussen.pov' line 102: Parse Warning: CSG union unnecessarily bounded.
File 'draussen.pov' line 102: Parse Warning: CSG union unnecessarily bounded.
File 'draussen.pov' line 102: Parse Warning: CSG union unnecessarily bounded.
File 'draussen.pov' line 102: Parse Warning: CSG union unnecessarily bounded.
File 'draussen.pov' line 102: Parse Warning: CSG union unnecessarily bounded.
File 'draussen.pov' line 102: Parse Warning: CSG union unnecessarily bounded.
File 'draussen.pov' line 102: Parse Warning: CSG union unnecessarily bounded.
File 'draussen.pov' line 102: Parse Warning: CSG union unnecessarily bounded.
File 'draussen.pov' line 102: Parse Warning: CSG union unnecessarily bounded.
File 'draussen.pov' line 102: Parse Warning: CSG union unnecessarily bounded.
File 'draussen.pov' line 102: Parse Warning: CSG union unnecessarily bounded.
File 'draussen.pov' line 102: Parse Warning: CSG union unnecessarily bounded.
File 'draussen.pov' line 102: Parse Warning: CSG union unnecessarily bounded.
File 'draussen.pov' line 102: Parse Warning: CSG union unnecessarily bounded.
File 'draussen.pov' line 102: Parse Warning: CSG union unnecessarily bounded.
File 'draussen.pov' line 102: Parse Warning: CSG union unnecessarily bounded.
File 'draussen.pov' line 102: Parse Warning: CSG union unnecessarily bounded.
File 'draussen.pov' line 102: Parse Warning: CSG union unnecessarily bounded.
File 'draussen.pov' line 102: Parse Warning: CSG union unnecessarily bounded.
File 'draussen.pov' line 102: Parse Warning: CSG union unnecessarily bounded.
File 'draussen.pov' line 102: Parse Warning: CSG union unnecessarily bounded.
File 'draussen.pov' line 102: Parse Warning: CSG union unnecessarily bounded.
File 'draussen.pov' line 102: Parse Warning: CSG union unnecessarily bounded.
File 'draussen.pov' line 102: Parse Warning: CSG union unnecessarily bounded.
File 'draussen.pov' line 102: Parse Warning: CSG union unnecessarily bounded.
File 'draussen.pov' line 102: Parse Warning: CSG union unnecessarily bounded.
File 'draussen.pov' line 102: Parse Warning: CSG union unnecessarily bounded.
File 'draussen.pov' line 102: Parse Warning: CSG union unnecessarily bounded.
File 'draussen.pov' line 102: Parse Warning: CSG union unnecessarily bounded.
File 'draussen.pov' line 102: Parse Warning: CSG union unnecessarily bounded.
File 'draussen.pov' line 102: Parse Warning: CSG union unnecessarily bounded.
Parse Warning: This rendering uses the following experimental feature(s):
File 'draussen.pov' line 102: Parse Warning: CSG union unnecessarily bounded.
File 'draussen.pov' line 102: Parse Warning: CSG union unnecessarily bounded.
File 'draussen.pov' line 102: Parse Warning: CSG union unnecessarily bounded.
File 'draussen.pov' line 102: Parse Warning: CSG union unnecessarily bounded.
File 'draussen.pov' line 102: Parse Warning: CSG union unnecessarily bounded.
Parse Warning: This rendering uses the following experimental feature(s):
 spline. The design and implementation of these features is likely to change in
 future versions of POV-Ray. Backward compatibility with the current
 implementation is not guaranteed.
Parse Warning: This scene had other declarations preceding the first #version
 directive. Please be aware that as of POV-Ray 3.7, unless already specified via
 spline. The design and implementation of these features is likely to change in
 future versions of POV-Ray. Backward compatibility with the current
 implementation is not guaranteed.
Parse Warning: This scene had other declarations preceding the first #version
 directive. Please be aware that as of POV-Ray 3.7, unless already specified via
 an INI option, a #version is expected as the first declaration in a scene file.
 If this is not done, POV-Ray may apply compatibility settings to some features
 that are intended to make pre-3.7 scenes render as designed. You are strongly
 encouraged to add a #version statement to the scene to make your intent clear.
 an INI option, a #version is expected as the first declaration in a scene file.
 If this is not done, POV-Ray may apply compatibility settings to some features
 that are intended to make pre-3.7 scenes render as designed. You are strongly
 encouraged to add a #version statement to the scene to make your intent clear.
 Future versions of POV-Ray may make the presence of a #version mandatory.
 Future versions of POV-Ray may make the presence of a #version mandatory.
----------------------------------------------------------------------------
Parser Statistics
----------------------------------------------------------------------------
Finite Objects:        37923
Infinite Objects:          2
Light Sources:             3
Total:                 37928
----------------------------------------------------------------------------
----------------------------------------------------------------------------
Parser Statistics
----------------------------------------------------------------------------
Finite Objects:        37923
Infinite Objects:          2
Light Sources:             3
Total:                 37928
----------------------------------------------------------------------------
Parser Time
  Parse Time:       0 hours  0 minutes  1 seconds (1.110 seconds)
              using 1 thread(s) with 1.106 CPU-seconds total
  Bounding Time:    0 hours  0 minutes  0 seconds (0.105 seconds)
              using 1 thread(s) with 0.104 CPU-seconds total
----------------------------------------------------------------------------
Render Options
  Quality:  9
  Bounding boxes.......On   Bounding threshold: 3
  Antialiasing.........Off
==== [Rendering...] ========================================================
Parser Time
  Parse Time:       0 hours  0 minutes  1 seconds (1.110 seconds)
              using 1 thread(s) with 1.106 CPU-seconds total
  Bounding Time:    0 hours  0 minutes  0 seconds (0.105 seconds)
              using 1 thread(s) with 0.104 CPU-seconds total
----------------------------------------------------------------------------
Render Options
  Quality:  9
  Bounding boxes.......On   Bounding threshold: 3
  Antialiasing.........Off
==== [Rendering...] ========================================================
Rendered 1024 of 230400 pixels (0%)Rendered 1024 of 230400 pixels (0%)Rendered 2048 of 230400 pixels (0%)Rendered 3072 of 230400 pixels (1%)Rendered 4096 of 230400 pixels (1%)Rendered 5120 of 230400 pixels (2%)Rendered 6144 of 230400 pixels (2%)Rendered 7168 of 230400 pixels (3%)Rendered 8192 of 230400 pixels (3%)Rendered 9216 of 230400 pixels (4%)Rendered 10240 of 230400 pixels (4%)Rendered 11264 of 230400 pixels (4%)Rendered 12288 of 230400 pixels (5%)Rendered 13312 of 230400 pixels (5%)Rendered 14336 of 230400 pixels (6%)Rendered 15360 of 230400 pixels (6%)Rendered 16384 of 230400 pixels (7%)Rendered 17408 of 230400 pixels (7%)Rendered 18432 of 230400 pixels (8%)Rendered 19456 of 230400 pixels (8%)Rendered 20480 of 230400 pixels (8%)Rendered 21504 of 230400 pixels (9%)Rendered 22528 of 230400 pixels (9%)Rendered 23552 of 230400 pixels (10%)Rendered 24576 of 230400 pixels (10%)Rendered 25600 of 230400 pixels (11%)Rendered 26624 of 230400 pixels (11%)Rendered 2048 of 230400 pixels (0%)Rendered 3072 of 230400 pixels (1%)Rendered 4096 of 230400 pixels (1%)Rendered 5120 of 230400 pixels (2%)Rendered 6144 of 230400 pixels (2%)Rendered 7168 of 230400 pixels (3%)Rendered 8192 of 230400 pixels (3%)Rendered 9216 of 230400 pixels (4%)Rendered 10240 of 230400 pixels (4%)Rendered 11264 of 230400 pixels (4%)Rendered 12288 of 230400 pixels (5%)Rendered 13312 of 230400 pixels (5%)Rendered 14336 of 230400 pixels (6%)Rendered 15360 of 230400 pixels (6%)Rendered 16384 of 230400 pixels (7%)Rendered 17408 of 230400 pixels (7%)Rendered 18432 of 230400 pixels (8%)Rendered 19456 of 230400 pixels (8%)Rendered 20480 of 230400 pixels (8%)Rendered 21504 of 230400 pixels (9%)Rendered 22528 of 230400 pixels (9%)Rendered 23552 of 230400 pixels (10%)Rendered 24576 of 230400 pixels (10%)Rendered 25600 of 230400 pixels (11%)Rendered 26624 of 230400 pixels (11%)Rendered 27648 of 230400 pixels (12%)Rendered 28672 of 230400 pixels (12%)Rendered 29696 of 230400 pixels (12%)Rendered 30720 of 230400 pixels (13%)Rendered 31744 of 230400 pixels (13%)Rendered 32768 of 230400 pixels (14%)Rendered 27648 of 230400 pixels (12%)Rendered 28672 of 230400 pixels (12%)Rendered 29696 of 230400 pixels (12%)Rendered 30720 of 230400 pixels (13%)Rendered 31744 of 230400 pixels (13%)Rendered 32768 of 230400 pixels (14%)Rendered 33792 of 230400 pixels (14%)Rendered 34816 of 230400 pixels (15%)Rendered 35840 of 230400 pixels (15%)Rendered 36864 of 230400 pixels (16%)Rendered 37888 of 230400 pixels (16%)Rendered 38912 of 230400 pixels (16%)Rendered 39936 of 230400 pixels (17%)Rendered 40960 of 230400 pixels (17%)Rendered 33792 of 230400 pixels (14%)Rendered 34816 of 230400 pixels (15%)Rendered 35840 of 230400 pixels (15%)Rendered 36864 of 230400 pixels (16%)Rendered 37888 of 230400 pixels (16%)Rendered 38912 of 230400 pixels (16%)Rendered 39936 of 230400 pixels (17%)Rendered 40960 of 230400 pixels (17%)Rendered 41984 of 230400 pixels (18%)Rendered 43008 of 230400 pixels (18%)Rendered 44032 of 230400 pixels (19%)Rendered 45056 of 230400 pixels (19%)Rendered 46080 of 230400 pixels (20%)Rendered 47104 of 230400 pixels (20%)Rendered 48128 of 230400 pixels (20%)Rendered 49152 of 230400 pixels (21%)Rendered 50176 of 230400 pixels (21%)Rendered 51200 of 230400 pixels (22%)Rendered 52224 of 230400 pixels (22%)Rendered 53248 of 230400 pixels (23%)Rendered 54272 of 230400 pixels (23%)Rendered 55296 of 230400 pixels (24%)Rendered 56320 of 230400 pixels (24%)Rendered 57344 of 230400 pixels (24%)Rendered 58368 of 230400 pixels (25%)Rendered 59392 of 230400 pixels (25%)Rendered 60416 of 230400 pixels (26%)Rendered 61440 of 230400 pixels (26%)Rendered 62464 of 230400 pixels (27%)Rendered 63488 of 230400 pixels (27%)Rendered 64512 of 230400 pixels (28%)Rendered 65536 of 230400 pixels (28%)Rendered 41984 of 230400 pixels (18%)Rendered 43008 of 230400 pixels (18%)Rendered 44032 of 230400 pixels (19%)Rendered 45056 of 230400 pixels (19%)Rendered 46080 of 230400 pixels (20%)Rendered 47104 of 230400 pixels (20%)Rendered 48128 of 230400 pixels (20%)Rendered 49152 of 230400 pixels (21%)Rendered 50176 of 230400 pixels (21%)Rendered 51200 of 230400 pixels (22%)Rendered 52224 of 230400 pixels (22%)Rendered 53248 of 230400 pixels (23%)Rendered 54272 of 230400 pixels (23%)Rendered 55296 of 230400 pixels (24%)Rendered 56320 of 230400 pixels (24%)Rendered 57344 of 230400 pixels (24%)Rendered 58368 of 230400 pixels (25%)Rendered 59392 of 230400 pixels (25%)Rendered 60416 of 230400 pixels (26%)Rendered 61440 of 230400 pixels (26%)Rendered 62464 of 230400 pixels (27%)Rendered 63488 of 230400 pixels (27%)Rendered 64512 of 230400 pixels (28%)Rendered 65536 of 230400 pixels (28%)Rendered 66560 of 230400 pixels (28%)Rendered 67584 of 230400 pixels (29%)Rendered 68608 of 230400 pixels (29%)Rendered 69632 of 230400 pixels (30%)Rendered 70656 of 230400 pixels (30%)Rendered 71680 of 230400 pixels (31%)Rendered 72704 of 230400 pixels (31%)Rendered 73728 of 230400 pixels (32%)Rendered 74752 of 230400 pixels (32%)Rendered 75776 of 230400 pixels (32%)Rendered 76800 of 230400 pixels (33%)Rendered 77824 of 230400 pixels (33%)Rendered 78848 of 230400 pixels (34%)Rendered 79872 of 230400 pixels (34%)Rendered 80896 of 230400 pixels (35%)Rendered 81920 of 230400 pixels (35%)Rendered 82944 of 230400 pixels (36%)Rendered 83968 of 230400 pixels (36%)Rendered 84992 of 230400 pixels (36%)Rendered 66560 of 230400 pixels (28%)Rendered 67584 of 230400 pixels (29%)Rendered 68608 of 230400 pixels (29%)Rendered 69632 of 230400 pixels (30%)Rendered 70656 of 230400 pixels (30%)Rendered 71680 of 230400 pixels (31%)Rendered 72704 of 230400 pixels (31%)Rendered 73728 of 230400 pixels (32%)Rendered 74752 of 230400 pixels (32%)Rendered 75776 of 230400 pixels (32%)Rendered 76800 of 230400 pixels (33%)Rendered 77824 of 230400 pixels (33%)Rendered 78848 of 230400 pixels (34%)Rendered 79872 of 230400 pixels (34%)Rendered 80896 of 230400 pixels (35%)Rendered 81920 of 230400 pixels (35%)Rendered 82944 of 230400 pixels (36%)Rendered 83968 of 230400 pixels (36%)Rendered 84992 of 230400 pixels (36%)Rendered 86016 of 230400 pixels (37%)Rendered 87040 of 230400 pixels (37%)Rendered 88064 of 230400 pixels (38%)Rendered 89088 of 230400 pixels (38%)Rendered 90112 of 230400 pixels (39%)Rendered 91136 of 230400 pixels (39%)Rendered 92160 of 230400 pixels (40%)Rendered 93184 of 230400 pixels (40%)Rendered 94208 of 230400 pixels (40%)Rendered 95232 of 230400 pixels (41%)Rendered 96256 of 230400 pixels (41%)Rendered 97280 of 230400 pixels (42%)Rendered 98304 of 230400 pixels (42%)Rendered 99328 of 230400 pixels (43%)Rendered 100352 of 230400 pixels (43%)Rendered 101376 of 230400 pixels (44%)Rendered 86016 of 230400 pixels (37%)Rendered 87040 of 230400 pixels (37%)Rendered 88064 of 230400 pixels (38%)Rendered 89088 of 230400 pixels (38%)Rendered 90112 of 230400 pixels (39%)Rendered 91136 of 230400 pixels (39%)Rendered 92160 of 230400 pixels (40%)Rendered 93184 of 230400 pixels (40%)Rendered 94208 of 230400 pixels (40%)Rendered 95232 of 230400 pixels (41%)Rendered 96256 of 230400 pixels (41%)Rendered 97280 of 230400 pixels (42%)Rendered 98304 of 230400 pixels (42%)Rendered 99328 of 230400 pixels (43%)Rendered 100352 of 230400 pixels (43%)Rendered 101376 of 230400 pixels (44%)Rendered 102400 of 230400 pixels (44%)Rendered 103424 of 230400 pixels (44%)Rendered 104448 of 230400 pixels (45%)Rendered 105472 of 230400 pixels (45%)Rendered 106496 of 230400 pixels (46%)Rendered 107520 of 230400 pixels (46%)Rendered 108544 of 230400 pixels (47%)Rendered 102400 of 230400 pixels (44%)Rendered 103424 of 230400 pixels (44%)Rendered 104448 of 230400 pixels (45%)Rendered 105472 of 230400 pixels (45%)Rendered 106496 of 230400 pixels (46%)Rendered 107520 of 230400 pixels (46%)Rendered 108544 of 230400 pixels (47%)Rendered 109568 of 230400 pixels (47%)Rendered 110592 of 230400 pixels (48%)Rendered 111616 of 230400 pixels (48%)Rendered 112640 of 230400 pixels (48%)Rendered 113664 of 230400 pixels (49%)Rendered 114688 of 230400 pixels (49%)Rendered 115712 of 230400 pixels (50%)Rendered 109568 of 230400 pixels (47%)Rendered 110592 of 230400 pixels (48%)Rendered 111616 of 230400 pixels (48%)Rendered 112640 of 230400 pixels (48%)Rendered 113664 of 230400 pixels (49%)Rendered 114688 of 230400 pixels (49%)Rendered 115712 of 230400 pixels (50%)Rendered 116736 of 230400 pixels (50%)Rendered 117760 of 230400 pixels (51%)Rendered 118784 of 230400 pixels (51%)Rendered 119808 of 230400 pixels (52%)Rendered 120832 of 230400 pixels (52%)Rendered 121856 of 230400 pixels (52%)Rendered 122880 of 230400 pixels (53%)Rendered 123904 of 230400 pixels (53%)Rendered 124928 of 230400 pixels (54%)Rendered 116736 of 230400 pixels (50%)Rendered 117760 of 230400 pixels (51%)Rendered 118784 of 230400 pixels (51%)Rendered 119808 of 230400 pixels (52%)Rendered 120832 of 230400 pixels (52%)Rendered 121856 of 230400 pixels (52%)Rendered 122880 of 230400 pixels (53%)Rendered 123904 of 230400 pixels (53%)Rendered 124928 of 230400 pixels (54%)Rendered 125952 of 230400 pixels (54%)Rendered 126976 of 230400 pixels (55%)Rendered 128000 of 230400 pixels (55%)Rendered 129024 of 230400 pixels (56%)Rendered 125952 of 230400 pixels (54%)Rendered 126976 of 230400 pixels (55%)Rendered 128000 of 230400 pixels (55%)Rendered 129024 of 230400 pixels (56%)Rendered 130048 of 230400 pixels (56%)Rendered 131072 of 230400 pixels (56%)Rendered 132096 of 230400 pixels (57%)Rendered 133120 of 230400 pixels (57%)Rendered 134144 of 230400 pixels (58%)Rendered 135168 of 230400 pixels (58%)Rendered 136192 of 230400 pixels (59%)Rendered 137216 of 230400 pixels (59%)Rendered 138240 of 230400 pixels (60%)Rendered 139264 of 230400 pixels (60%)Rendered 140288 of 230400 pixels (60%)Rendered 130048 of 230400 pixels (56%)Rendered 131072 of 230400 pixels (56%)Rendered 132096 of 230400 pixels (57%)Rendered 133120 of 230400 pixels (57%)Rendered 134144 of 230400 pixels (58%)Rendered 135168 of 230400 pixels (58%)Rendered 136192 of 230400 pixels (59%)Rendered 137216 of 230400 pixels (59%)Rendered 138240 of 230400 pixels (60%)Rendered 139264 of 230400 pixels (60%)Rendered 140288 of 230400 pixels (60%)Rendered 141312 of 230400 pixels (61%)Rendered 142336 of 230400 pixels (61%)Rendered 143360 of 230400 pixels (62%)Rendered 144384 of 230400 pixels (62%)Rendered 145408 of 230400 pixels (63%)Rendered 146432 of 230400 pixels (63%)Rendered 147456 of 230400 pixels (64%)Rendered 148480 of 230400 pixels (64%)Rendered 149504 of 230400 pixels (64%)Rendered 150528 of 230400 pixels (65%)Rendered 151552 of 230400 pixels (65%)Rendered 152576 of 230400 pixels (66%)Rendered 141312 of 230400 pixels (61%)Rendered 142336 of 230400 pixels (61%)Rendered 143360 of 230400 pixels (62%)Rendered 144384 of 230400 pixels (62%)Rendered 145408 of 230400 pixels (63%)Rendered 146432 of 230400 pixels (63%)Rendered 147456 of 230400 pixels (64%)Rendered 148480 of 230400 pixels (64%)Rendered 149504 of 230400 pixels (64%)Rendered 150528 of 230400 pixels (65%)Rendered 151552 of 230400 pixels (65%)Rendered 152576 of 230400 pixels (66%)Rendered 153600 of 230400 pixels (66%)Rendered 154624 of 230400 pixels (67%)Rendered 155648 of 230400 pixels (67%)Rendered 156672 of 230400 pixels (68%)Rendered 157696 of 230400 pixels (68%)Rendered 158720 of 230400 pixels (68%)Rendered 159744 of 230400 pixels (69%)Rendered 160768 of 230400 pixels (69%)Rendered 161792 of 230400 pixels (70%)Rendered 162816 of 230400 pixels (70%)Rendered 163840 of 230400 pixels (71%)Rendered 164864 of 230400 pixels (71%)Rendered 165888 of 230400 pixels (72%)Rendered 153600 of 230400 pixels (66%)Rendered 154624 of 230400 pixels (67%)Rendered 155648 of 230400 pixels (67%)Rendered 156672 of 230400 pixels (68%)Rendered 157696 of 230400 pixels (68%)Rendered 158720 of 230400 pixels (68%)Rendered 159744 of 230400 pixels (69%)Rendered 160768 of 230400 pixels (69%)Rendered 161792 of 230400 pixels (70%)Rendered 162816 of 230400 pixels (70%)Rendered 163840 of 230400 pixels (71%)Rendered 164864 of 230400 pixels (71%)Rendered 165888 of 230400 pixels (72%)Rendered 166912 of 230400 pixels (72%)Rendered 167936 of 230400 pixels (72%)Rendered 168960 of 230400 pixels (73%)Rendered 169984 of 230400 pixels (73%)Rendered 171008 of 230400 pixels (74%)Rendered 172032 of 230400 pixels (74%)Rendered 173056 of 230400 pixels (75%)Rendered 174080 of 230400 pixels (75%)Rendered 175104 of 230400 pixels (76%)Rendered 176128 of 230400 pixels (76%)Rendered 177152 of 230400 pixels (76%)Rendered 166912 of 230400 pixels (72%)Rendered 167936 of 230400 pixels (72%)Rendered 168960 of 230400 pixels (73%)Rendered 169984 of 230400 pixels (73%)Rendered 171008 of 230400 pixels (74%)Rendered 172032 of 230400 pixels (74%)Rendered 173056 of 230400 pixels (75%)Rendered 174080 of 230400 pixels (75%)Rendered 175104 of 230400 pixels (76%)Rendered 176128 of 230400 pixels (76%)Rendered 177152 of 230400 pixels (76%)Rendered 178176 of 230400 pixels (77%)Rendered 179200 of 230400 pixels (77%)Rendered 180224 of 230400 pixels (78%)Rendered 181248 of 230400 pixels (78%)Rendered 182272 of 230400 pixels (79%)Rendered 183296 of 230400 pixels (79%)Rendered 184320 of 230400 pixels (80%)Rendered 185344 of 230400 pixels (80%)Rendered 186368 of 230400 pixels (80%)Rendered 187392 of 230400 pixels (81%)Rendered 188416 of 230400 pixels (81%)Rendered 189440 of 230400 pixels (82%)Rendered 190464 of 230400 pixels (82%)Rendered 191488 of 230400 pixels (83%)Rendered 192512 of 230400 pixels (83%)Rendered 193536 of 230400 pixels (84%)Rendered 194560 of 230400 pixels (84%)Rendered 195584 of 230400 pixels (84%)Rendered 196608 of 230400 pixels (85%)Rendered 197632 of 230400 pixels (85%)Rendered 198656 of 230400 pixels (86%)Rendered 199680 of 230400 pixels (86%)Rendered 200704 of 230400 pixels (87%)Rendered 201728 of 230400 pixels (87%)Rendered 202752 of 230400 pixels (88%)Rendered 178176 of 230400 pixels (77%)Rendered 179200 of 230400 pixels (77%)Rendered 180224 of 230400 pixels (78%)Rendered 181248 of 230400 pixels (78%)Rendered 182272 of 230400 pixels (79%)Rendered 183296 of 230400 pixels (79%)Rendered 184320 of 230400 pixels (80%)Rendered 185344 of 230400 pixels (80%)Rendered 186368 of 230400 pixels (80%)Rendered 187392 of 230400 pixels (81%)Rendered 188416 of 230400 pixels (81%)Rendered 189440 of 230400 pixels (82%)Rendered 190464 of 230400 pixels (82%)Rendered 191488 of 230400 pixels (83%)Rendered 192512 of 230400 pixels (83%)Rendered 193536 of 230400 pixels (84%)Rendered 194560 of 230400 pixels (84%)Rendered 195584 of 230400 pixels (84%)Rendered 196608 of 230400 pixels (85%)Rendered 197632 of 230400 pixels (85%)Rendered 198656 of 230400 pixels (86%)Rendered 199680 of 230400 pixels (86%)Rendered 200704 of 230400 pixels (87%)Rendered 201728 of 230400 pixels (87%)Rendered 202752 of 230400 pixels (88%)Rendered 203776 of 230400 pixels (88%)Rendered 204800 of 230400 pixels (88%)Rendered 205824 of 230400 pixels (89%)Rendered 206848 of 230400 pixels (89%)Rendered 207872 of 230400 pixels (90%)Rendered 208896 of 230400 pixels (90%)Rendered 209920 of 230400 pixels (91%)Rendered 210944 of 230400 pixels (91%)Rendered 211968 of 230400 pixels (92%)Rendered 212992 of 230400 pixels (92%)Rendered 214016 of 230400 pixels (92%)Rendered 215040 of 230400 pixels (93%)Rendered 216064 of 230400 pixels (93%)Rendered 217088 of 230400 pixels (94%)Rendered 218112 of 230400 pixels (94%)Rendered 219136 of 230400 pixels (95%)Rendered 220160 of 230400 pixels (95%)Rendered 221184 of 230400 pixels (96%)Rendered 222208 of 230400 pixels (96%)Rendered 223232 of 230400 pixels (96%)Rendered 223488 of 230400 pixels (97%)Rendered 223744 of 230400 pixels (97%)Rendered 224000 of 230400 pixels (97%)Rendered 225024 of 230400 pixels (97%)Rendered 225280 of 230400 pixels (97%)Rendered 225536 of 230400 pixels (97%)Rendered 225792 of 230400 pixels (98%)Rendered 226048 of 230400 pixels (98%)Rendered 226304 of 230400 pixels (98%)Rendered 226560 of 230400 pixels (98%)Rendered 226816 of 230400 pixels (98%)Rendered 227072 of 230400 pixels (98%)Rendered 228096 of 230400 pixels (99%)Rendered 228352 of 230400 pixels (99%)Rendered 228608 of 230400 pixels (99%)Rendered 228864 of 230400 pixels (99%)Rendered 229120 of 230400 pixels (99%)Rendered 229376 of 230400 pixels (99%)Rendered 229632 of 230400 pixels (99%)Rendered 229888 of 230400 pixels (99%)Rendered 230144 of 230400 pixels (99%)Rendered 230400 of 230400 pixels (100%)Rendered 203776 of 230400 pixels (88%)Rendered 204800 of 230400 pixels (88%)Rendered 205824 of 230400 pixels (89%)Rendered 206848 of 230400 pixels (89%)Rendered 207872 of 230400 pixels (90%)Rendered 208896 of 230400 pixels (90%)Rendered 209920 of 230400 pixels (91%)Rendered 210944 of 230400 pixels (91%)Rendered 211968 of 230400 pixels (92%)Rendered 212992 of 230400 pixels (92%)Rendered 214016 of 230400 pixels (92%)Rendered 215040 of 230400 pixels (93%)Rendered 216064 of 230400 pixels (93%)Rendered 217088 of 230400 pixels (94%)Rendered 218112 of 230400 pixels (94%)Rendered 219136 of 230400 pixels (95%)Rendered 220160 of 230400 pixels (95%)Rendered 221184 of 230400 pixels (96%)Rendered 222208 of 230400 pixels (96%)Rendered 223232 of 230400 pixels (96%)Rendered 223488 of 230400 pixels (97%)Rendered 223744 of 230400 pixels (97%)Rendered 224000 of 230400 pixels (97%)Rendered 225024 of 230400 pixels (97%)Rendered 225280 of 230400 pixels (97%)Rendered 225536 of 230400 pixels (97%)Rendered 225792 of 230400 pixels (98%)Rendered 226048 of 230400 pixels (98%)Rendered 226304 of 230400 pixels (98%)Rendered 226560 of 230400 pixels (98%)Rendered 226816 of 230400 pixels (98%)Rendered 227072 of 230400 pixels (98%)Rendered 228096 of 230400 pixels (99%)Rendered 228352 of 230400 pixels (99%)Rendered 228608 of 230400 pixels (99%)Rendered 228864 of 230400 pixels (99%)Rendered 229120 of 230400 pixels (99%)Rendered 229376 of 230400 pixels (99%)Rendered 229632 of 230400 pixels (99%)Rendered 229888 of 230400 pixels (99%)Rendered 230144 of 230400 pixels (99%)Rendered 230400 of 230400 pixels (100%)

----------------------------------------------------------------------------
Render Statistics
Image Resolution 640 x 360
----------------------------------------------------------------------------
Pixels:           230400   Samples:               0   Smpls/Pxl: 0.00
Rays:             317157   Saved:              9217   Max Level: 4/5
----------------------------------------------------------------------------
Ray->Shape Intersection          Tests       Succeeded  Percentage
----------------------------------------------------------------------------
Blob                           1094410           21999      2.01
Blob Component                  556943          197021     35.38
Blob Bound                    10199109         2347037     23.01
Box                           18609668         5312052     28.54
Cone/Cylinder                   762469          497751     65.28
CSG Intersection               2382185         1559282     65.46
CSG Union                       474948           14889      3.13
Mesh                           1367375           97181      7.11
Plane                          6727288         3642178     54.14
Prism                            26495             626      2.36
Prism Bound                     106636          103212     96.79
Sphere                          141021             144      0.10
Bounding Object                 470549          466440     99.13
Bounding Box                 103454741        36373496     35.16
----------------------------------------------------------------------------
Roots tested:                 88731   eliminated:                11653
Shadow Ray Tests:           1878768   Succeeded:               1292897
Shadow Cache Hits:           123355
Reflected Rays:               43411
----------------------------------------------------------------------------
Render Statistics
Image Resolution 640 x 360
----------------------------------------------------------------------------
Pixels:           230400   Samples:               0   Smpls/Pxl: 0.00
Rays:             317157   Saved:              9217   Max Level: 4/5
----------------------------------------------------------------------------
Ray->Shape Intersection          Tests       Succeeded  Percentage
----------------------------------------------------------------------------
Blob                           1094410           21999      2.01
Blob Component                  556943          197021     35.38
Blob Bound                    10199109         2347037     23.01
Box                           18609668         5312052     28.54
Cone/Cylinder                   762469          497751     65.28
CSG Intersection               2382185         1559282     65.46
CSG Union                       474948           14889      3.13
Mesh                           1367375           97181      7.11
Plane                          6727288         3642178     54.14
Prism                            26495             626      2.36
Prism Bound                     106636          103212     96.79
Sphere                          141021             144      0.10
Bounding Object                 470549          466440     99.13
Bounding Box                 103454741        36373496     35.16
----------------------------------------------------------------------------
Roots tested:                 88731   eliminated:                11653
Shadow Ray Tests:           1878768   Succeeded:               1292897
Shadow Cache Hits:           123355
Reflected Rays:               43411
Transmitted Rays:             43346
----------------------------------------------------------------------------
----------------------------------------------------------------------------
Render Time:
  Photon Time:      No photons
  Radiosity Time:   No radiosity
  Trace Time:       0 hours  0 minutes  2 seconds (2.772 seconds)
Transmitted Rays:             43346
----------------------------------------------------------------------------
----------------------------------------------------------------------------
Render Time:
  Photon Time:      No photons
  Radiosity Time:   No radiosity
  Trace Time:       0 hours  0 minutes  2 seconds (2.772 seconds)
              using 4 thread(s) with 9.887 CPU-seconds total
              using 4 thread(s) with 9.887 CPU-seconds total
POV-Ray finished

POV-Ray finished

